-----BEGIN PRIVATE KEY-----
MIIEvgIBADANBgkqhkiG9w0BAQEFAASCBKgwggSkAgEAAoIBAQC2FSvrLs2nVC6y
howrG91oC21TKIETQMSjnBwvJKfKuh1jIZLISFDLavP4lseI5gSRQN+5kZnPzIdU
9T4ImjVWN2/CtQEBr7ETNPe7MtB109ALGf+f7VNrTT+bZjVZfReQXwsNJlUY4JqJ
14Jcu+/q4izUTNVLZX5/ryBfcXGTtzqh24n/EuLTaySk9S/egEI22m3Ox0gunNzo
E1oIdyDIuJNLwDiPNlr+QRZirMUpuC8+HrLrexI0Gu24+HtWdiF5HkKUKgUjjsUF
AYpID9rn1Su5KiRHga41B83DJeWoZrqECIk9+MUwLyuSLwi0tYbCA8igUTePfkL9
DZy3Z6fVAgMBAAECggEBALWcQlTuNtNZ5MXN64qn3VsEYsOZ17wzUq55a6cd4XoT
znHsr7GyZ1utTrA4+8Yw3odedIdrkUWxE56KiZgc72wSGRfUX6+l5HFq2FjP4xpS
7OPVx6BlH1ocD4BZHocmfNVT5vrzq9cHVzx7RpxmG3NkqiAKjogIMHb8XsazqPwS
CbnkJFpJvgFD54vRjORrGFtyuDtN7LpAa6BQK3I12PAfBrIZ5MSpAx7la/wYHk/n
J94C0koNF3V8bMC45AR7R/ZJo+f8PYh2nDtAzKPGaPE+M2OYZV1uCbA4KF1zftiT
a0bf3xl82yI7rXXfKllb1P01sQ9qMYVpyAy7QjiR//UCgYEA7slHer+Zzc3uDRmM
SHOTE9ndqkTAfw+Syjo9FO38jIXhTFlW76A0RWVa0thSt4AxH3XjpzrAzots0AGp
kUUAbEWNp0KlywJfBPidHfIlfQkME2jzIsTJPRPWbU0uCm6eObcUQYzsaLwQluuE
aFu5HwtQU3QkleHBa7xmqAKoZl8CgYEAwzVyf9lglo7+9XcwdXG3rUQ4Vi/QEvid
jypIoNaog2/D+GJro55SCZkR1WwkAZOHEgSKK5/vzH1urpnOy8ASrmJ+/H4KeTwk
Ztym4E/nWSkF9dys8mjtArcLdNfQlwGtMuw/ypEWTmXASLT7c3vYPH0fxGdfdUvU
56z7KVeqlksCgYASEXruJ9dcgkuUBC3gQZaMdvzV6HPkaWpDERsUHVnxzCObIlt4
sFekNKIluCayKeoNpl7+hWyXdGdcafPJwT3h83VfhaSD8v77olBJNsxtZKTcRyG2
rMtJatnb1W45bdtdJKRMvXwaBLkAonuXZfFhDvsaBXzLNpTrMQtXhTP24wKBgQCp
qUpa1BOex6nQrkbvzGZXsXNFdUjjNDG8vINjRy4vDnTE7MWg73ld3iwh0lt5Az/h
6RAt2lQQ5vPLzOJvNAEIj5LO4L05oYwB2sUvMENiusTza1jlV0ynj2/lna0tkcd2
+t52sKMygD0e9C2XsYu/BwEVMsNEryPcN/wTcp5RAQKBgBrxyYf79fNQ4s0CkzAy
fYfEsM1+u7ThuubHgwHYTTlfAgGIreJUFpNKuW2CsafCY3rvzUJJI2Wao7RS222v
CSjvZhJDy+0h7aRrg1bZCiOCcI7yvF2CmzJQFAz+bQc/NquZDWB2GCMDK4oQIMda
6WHlHoh5TvQQcxf6sN6PPJwG
-----END PRIVATE KEY-----
